# JRE version: OpenJDK Runtime Environment (8.0) (build 1.8.0-25-microsoft-b00)
# Java VM: OpenJDK 64-Bit Server VM (25.71-b00 mixed mode windows-amd64 compressed oops)
Heap:
 PSYoungGen      total 267264K, used 217088K [0x00000000d5580000, 0x00000000e8b00000, 0x0000000100000000)
  eden space 217088K, 100% used [0x00000000d5580000,0x00000000e2980000,0x00000000e2980000)
  from space 50176K, 0% used [0x00000000e5980000,0x00000000e5980000,0x00000000e8a80000)
  to   space 49152K, 0% used [0x00000000e2980000,0x00000000e2980000,0x00000000e5980000)
 ParOldGen       total 138752K, used 138451K [0x0000000080000000, 0x0000000088780000, 0x00000000d5580000)
  object space 138752K, 99% used [0x0000000080000000,0x0000000088734ca0,0x0000000088780000)
 Metaspace       used 6777K, capacity 7350K, committed 7552K, reserved 1056768K
  class space    used 612K, capacity 622K, committed 640K, reserved 1048576K
GC Heap History (10 events):
Event: 167.071 GC heap after
Heap after GC invocations=349 (full 335):
 PSYoungGen      total 267264K, used 217087K [0x00000000d5580000, 0x00000000e8b00000, 0x0000000100000000)
  eden space 217088K, 99% used [0x00000000d5580000,0x00000000e297ffb8,0x00000000e2980000)
  from space 50176K, 0% used [0x00000000e5980000,0x00000000e5980000,0x00000000e8a80000)
  to   space 49152K, 0% used [0x00000000e2980000,0x00000000e2980000,0x00000000e5980000)
 ParOldGen       total 138752K, used 138448K [0x0000000080000000, 0x0000000088780000, 0x00000000d5580000)
  object space 138752K, 99% used [0x0000000080000000,0x00000000887343d0,0x0000000088780000)
 Metaspace       used 6777K, capacity 7350K, committed 7552K, reserved 1056768K
  class space    used 612K, capacity 622K, committed 640K, reserved 1048576K
}
Event: 167.071 GC heap before
{Heap before GC invocations=350 (full 336):
 PSYoungGen      total 267264K, used 217087K [0x00000000d5580000, 0x00000000e8b00000, 0x0000000100000000)
  eden space 217088K, 99% used [0x00000000d5580000,0x00000000e297fff8,0x00000000e2980000)
  from space 50176K, 0% used [0x00000000e5980000,0x00000000e5980000,0x00000000e8a80000)
  to   space 49152K, 0% used [0x00000000e2980000,0x00000000e2980000,0x00000000e5980000)
 ParOldGen       total 138752K, used 138448K [0x0000000080000000, 0x0000000088780000, 0x00000000d5580000)
  object space 138752K, 99% used [0x0000000080000000,0x00000000887343d0,0x0000000088780000)
 Metaspace       used 6777K, capacity 7350K, committed 7552K, reserved 1056768K
  class space    used 612K, capacity 622K, committed 640K, reserved 1048576K
Event: 167.472 GC heap after
Heap after GC invocations=350 (full 336):
 PSYoungGen      total 267264K, used 217087K [0x00000000d5580000, 0x00000000e8b00000, 0x0000000100000000)
  eden space 217088K, 99% used [0x00000000d5580000,0x00000000e297ffd0,0x00000000e2980000)
  from space 50176K, 0% used [0x00000000e5980000,0x00000000e5980000,0x00000000e8a80000)
  to   space 49152K, 0% used [0x00000000e2980000,0x00000000e2980000,0x00000000e5980000)
 ParOldGen       total 138752K, used 138448K [0x0000000080000000, 0x0000000088780000, 0x00000000d5580000)
  object space 138752K, 99% used [0x0000000080000000,0x00000000887342e8,0x0000000088780000)
 Metaspace       used 6777K, capacity 7350K, committed 7552K, reserved 1056768K
  class space    used 612K, capacity 622K, committed 640K, reserved 1048576K
}
Event: 167.472 GC heap before
{Heap before GC invocations=351 (full 337):
 PSYoungGen      total 267264K, used 217087K [0x00000000d5580000, 0x00000000e8b00000, 0x0000000100000000)
  eden space 217088K, 99% used [0x00000000d5580000,0x00000000e297fff8,0x00000000e2980000)
  from space 50176K, 0% used [0x00000000e5980000,0x00000000e5980000,0x00000000e8a80000)
  to   space 49152K, 0% used [0x00000000e2980000,0x00000000e2980000,0x00000000e5980000)
 ParOldGen       total 138752K, used 138450K [0x0000000080000000, 0x0000000088780000, 0x00000000d5580000)
  object space 138752K, 99% used [0x0000000080000000,0x0000000088734a78,0x0000000088780000)
 Metaspace       used 6777K, capacity 7350K, committed 7552K, reserved 1056768K
  class space    used 612K, capacity 622K, committed 640K, reserved 1048576K
Event: 167.874 GC heap after
Heap after GC invocations=351 (full 337):
 PSYoungGen      total 267264K, used 217087K [0x00000000d5580000, 0x00000000e8b00000, 0x0000000100000000)
  eden space 217088K, 99% used [0x00000000d5580000,0x00000000e297ffd0,0x00000000e2980000)
  from space 50176K, 0% used [0x00000000e5980000,0x00000000e5980000,0x00000000e8a80000)
  to   space 49152K, 0% used [0x00000000e2980000,0x00000000e2980000,0x00000000e5980000)
 ParOldGen       total 138752K, used 138450K [0x0000000080000000, 0x0000000088780000, 0x00000000d5580000)
  object space 138752K, 99% used [0x0000000080000000,0x0000000088734818,0x0000000088780000)
 Metaspace       used 6777K, capacity 7350K, committed 7552K, reserved 1056768K
  class space    used 612K, capacity 622K, committed 640K, reserved 1048576K
}
Event: 167.874 GC heap before
{Heap before GC invocations=352 (full 338):
 PSYoungGen      total 267264K, used 217087K [0x00000000d5580000, 0x00000000e8b00000, 0x0000000100000000)
  eden space 217088K, 99% used [0x00000000d5580000,0x00000000e297fff8,0x00000000e2980000)
  from space 50176K, 0% used [0x00000000e5980000,0x00000000e5980000,0x00000000e8a80000)
  to   space 49152K, 0% used [0x00000000e2980000,0x00000000e2980000,0x00000000e5980000)
 ParOldGen       total 138752K, used 138450K [0x0000000080000000, 0x0000000088780000, 0x00000000d5580000)
  object space 138752K, 99% used [0x0000000080000000,0x0000000088734818,0x0000000088780000)
 Metaspace       used 6777K, capacity 7350K, committed 7552K, reserved 1056768K
  class space    used 612K, capacity 622K, committed 640K, reserved 1048576K
Event: 168.279 GC heap after
Heap after GC invocations=352 (full 338):
 PSYoungGen      total 267264K, used 217087K [0x00000000d5580000, 0x00000000e8b00000, 0x0000000100000000)
  eden space 217088K, 99% used [0x00000000d5580000,0x00000000e297fff8,0x00000000e2980000)
  from space 50176K, 0% used [0x00000000e5980000,0x00000000e5980000,0x00000000e8a80000)
  to   space 49152K, 0% used [0x00000000e2980000,0x00000000e2980000,0x00000000e5980000)
 ParOldGen       total 138752K, used 138450K [0x0000000080000000, 0x0000000088780000, 0x00000000d5580000)
  object space 138752K, 99% used [0x0000000080000000,0x0000000088734818,0x0000000088780000)
 Metaspace       used 6777K, capacity 7350K, committed 7552K, reserved 1056768K
  class space    used 612K, capacity 622K, committed 640K, reserved 1048576K
}
Event: 168.280 GC heap before
{Heap before GC invocations=353 (full 339):
 PSYoungGen      total 267264K, used 217087K [0x00000000d5580000, 0x00000000e8b00000, 0x0000000100000000)
  eden space 217088K, 99% used [0x00000000d5580000,0x00000000e297fff8,0x00000000e2980000)
  from space 50176K, 0% used [0x00000000e5980000,0x00000000e5980000,0x00000000e8a80000)
  to   space 49152K, 0% used [0x00000000e2980000,0x00000000e2980000,0x00000000e5980000)
 ParOldGen       total 138752K, used 138451K [0x0000000080000000, 0x0000000088780000, 0x00000000d5580000)
  object space 138752K, 99% used [0x0000000080000000,0x0000000088734fe0,0x0000000088780000)
 Metaspace       used 6777K, capacity 7350K, committed 7552K, reserved 1056768K
  class space    used 612K, capacity 622K, committed 640K, reserved 1048576K
Event: 168.686 GC heap after
Heap after GC invocations=353 (full 339):
 PSYoungGen      total 267264K, used 217087K [0x00000000d5580000, 0x00000000e8b00000, 0x0000000100000000)
  eden space 217088K, 99% used [0x00000000d5580000,0x00000000e297ffd0,0x00000000e2980000)
  from space 50176K, 0% used [0x00000000e5980000,0x00000000e5980000,0x00000000e8a80000)
  to   space 49152K, 0% used [0x00000000e2980000,0x00000000e2980000,0x00000000e5980000)
 ParOldGen       total 138752K, used 138451K [0x0000000080000000, 0x0000000088780000, 0x00000000d5580000)
  object space 138752K, 99% used [0x0000000080000000,0x0000000088734ca0,0x0000000088780000)
 Metaspace       used 6777K, capacity 7350K, committed 7552K, reserved 1056768K
  class space    used 612K, capacity 622K, committed 640K, reserved 1048576K
}
Event: 168.686 GC heap before
{Heap before GC invocations=354 (full 340):
 PSYoungGen      total 267264K, used 217088K [0x00000000d5580000, 0x00000000e8b00000, 0x0000000100000000)
  eden space 217088K, 100% used [0x00000000d5580000,0x00000000e2980000,0x00000000e2980000)
  from space 50176K, 0% used [0x00000000e5980000,0x00000000e5980000,0x00000000e8a80000)
  to   space 49152K, 0% used [0x00000000e2980000,0x00000000e2980000,0x00000000e5980000)
 ParOldGen       total 138752K, used 138451K [0x0000000080000000, 0x0000000088780000, 0x00000000d5580000)
  object space 138752K, 99% used [0x0000000080000000,0x0000000088734ca0,0x0000000088780000)
 Metaspace       used 6777K, capacity 7350K, committed 7552K, reserved 1056768K
  class space    used 612K, capacity 622K, committed 640K, reserved 1048576K

