# JRE version: OpenJDK Runtime Environment (8.0) (build 1.8.0-25-microsoft-b00)
# Java VM: OpenJDK 64-Bit Server VM (25.71-b00 mixed mode windows-amd64 compressed oops)
Heap:
 PSYoungGen      total 30720K, used 15366K [0x00000000eda00000, 0x00000000f0600000, 0x0000000100000000)
  eden space 19456K, 21% used [0x00000000eda00000,0x00000000ede03738,0x00000000eed00000)
  from space 11264K, 99% used [0x00000000eed00000,0x00000000ef7fe170,0x00000000ef800000)
  to   space 10240K, 0% used [0x00000000ef800000,0x00000000ef800000,0x00000000f0200000)
 ParOldGen       total 23552K, used 17700K [0x00000000c8e00000, 0x00000000ca500000, 0x00000000eda00000)
  object space 23552K, 75% used [0x00000000c8e00000,0x00000000c9f49208,0x00000000ca500000)
 Metaspace       used 8116K, capacity 8852K, committed 9216K, reserved 1056768K
  class space    used 883K, capacity 912K, committed 1024K, reserved 1048576K
GC Heap History (10 events):
Event: 1.620 GC heap before
{Heap before GC invocations=9 (full 1):
 PSYoungGen      total 14336K, used 14327K [0x00000000eda00000, 0x00000000efb00000, 0x0000000100000000)
  eden space 11776K, 100% used [0x00000000eda00000,0x00000000ee580000,0x00000000ee580000)
  from space 2560K, 99% used [0x00000000ee580000,0x00000000ee7fde30,0x00000000ee800000)
  to   space 5120K, 0% used [0x00000000ef600000,0x00000000ef600000,0x00000000efb00000)
 ParOldGen       total 11776K, used 6295K [0x00000000c8e00000, 0x00000000c9980000, 0x00000000eda00000)
  object space 11776K, 53% used [0x00000000c8e00000,0x00000000c9425f00,0x00000000c9980000)
 Metaspace       used 7407K, capacity 8308K, committed 8576K, reserved 1056768K
  class space    used 858K, capacity 880K, committed 896K, reserved 1048576K
Event: 1.626 GC heap after
Heap after GC invocations=9 (full 1):
 PSYoungGen      total 21504K, used 5118K [0x00000000eda00000, 0x00000000efb00000, 0x0000000100000000)
  eden space 16384K, 0% used [0x00000000eda00000,0x00000000eda00000,0x00000000eea00000)
  from space 5120K, 99% used [0x00000000ef600000,0x00000000efaff8c8,0x00000000efb00000)
  to   space 7168K, 0% used [0x00000000eed00000,0x00000000eed00000,0x00000000ef400000)
 ParOldGen       total 11776K, used 7960K [0x00000000c8e00000, 0x00000000c9980000, 0x00000000eda00000)
  object space 11776K, 67% used [0x00000000c8e00000,0x00000000c95c62d0,0x00000000c9980000)
 Metaspace       used 7407K, capacity 8308K, committed 8576K, reserved 1056768K
  class space    used 858K, capacity 880K, committed 896K, reserved 1048576K
}
Event: 1.940 GC heap before
{Heap before GC invocations=10 (full 1):
 PSYoungGen      total 21504K, used 21502K [0x00000000eda00000, 0x00000000efb00000, 0x0000000100000000)
  eden space 16384K, 100% used [0x00000000eda00000,0x00000000eea00000,0x00000000eea00000)
  from space 5120K, 99% used [0x00000000ef600000,0x00000000efaff8c8,0x00000000efb00000)
  to   space 7168K, 0% used [0x00000000eed00000,0x00000000eed00000,0x00000000ef400000)
 ParOldGen       total 11776K, used 7960K [0x00000000c8e00000, 0x00000000c9980000, 0x00000000eda00000)
  object space 11776K, 67% used [0x00000000c8e00000,0x00000000c95c62d0,0x00000000c9980000)
 Metaspace       used 7591K, capacity 8404K, committed 8704K, reserved 1056768K
  class space    used 871K, capacity 912K, committed 1024K, reserved 1048576K
Event: 1.951 GC heap after
Heap after GC invocations=10 (full 1):
 PSYoungGen      total 26624K, used 7149K [0x00000000eda00000, 0x00000000f0200000, 0x0000000100000000)
  eden space 19456K, 0% used [0x00000000eda00000,0x00000000eda00000,0x00000000eed00000)
  from space 7168K, 99% used [0x00000000eed00000,0x00000000ef3fb650,0x00000000ef400000)
  to   space 10240K, 0% used [0x00000000ef800000,0x00000000ef800000,0x00000000f0200000)
 ParOldGen       total 14848K, used 12619K [0x00000000c8e00000, 0x00000000c9c80000, 0x00000000eda00000)
  object space 14848K, 84% used [0x00000000c8e00000,0x00000000c9a52ec8,0x00000000c9c80000)
 Metaspace       used 7591K, capacity 8404K, committed 8704K, reserved 1056768K
  class space    used 871K, capacity 912K, committed 1024K, reserved 1048576K
}
Event: 1.951 GC heap before
{Heap before GC invocations=11 (full 2):
 PSYoungGen      total 26624K, used 7149K [0x00000000eda00000, 0x00000000f0200000, 0x0000000100000000)
  eden space 19456K, 0% used [0x00000000eda00000,0x00000000eda00000,0x00000000eed00000)
  from space 7168K, 99% used [0x00000000eed00000,0x00000000ef3fb650,0x00000000ef400000)
  to   space 10240K, 0% used [0x00000000ef800000,0x00000000ef800000,0x00000000f0200000)
 ParOldGen       total 14848K, used 12619K [0x00000000c8e00000, 0x00000000c9c80000, 0x00000000eda00000)
  object space 14848K, 84% used [0x00000000c8e00000,0x00000000c9a52ec8,0x00000000c9c80000)
 Metaspace       used 7591K, capacity 8404K, committed 8704K, reserved 1056768K
  class space    used 871K, capacity 912K, committed 1024K, reserved 1048576K
Event: 2.032 GC heap after
Heap after GC invocations=11 (full 2):
 PSYoungGen      total 26624K, used 988K [0x00000000eda00000, 0x00000000f0200000, 0x0000000100000000)
  eden space 19456K, 0% used [0x00000000eda00000,0x00000000eda00000,0x00000000eed00000)
  from space 7168K, 13% used [0x00000000eed00000,0x00000000eedf7130,0x00000000ef400000)
  to   space 10240K, 0% used [0x00000000ef800000,0x00000000ef800000,0x00000000f0200000)
 ParOldGen       total 23552K, used 14667K [0x00000000c8e00000, 0x00000000ca500000, 0x00000000eda00000)
  object space 23552K, 62% used [0x00000000c8e00000,0x00000000c9c52ff0,0x00000000ca500000)
 Metaspace       used 7591K, capacity 8404K, committed 8704K, reserved 1056768K
  class space    used 871K, capacity 912K, committed 1024K, reserved 1048576K
}
Event: 2.234 GC heap before
{Heap before GC invocations=12 (full 2):
 PSYoungGen      total 26624K, used 20210K [0x00000000eda00000, 0x00000000f0200000, 0x0000000100000000)
  eden space 19456K, 98% used [0x00000000eda00000,0x00000000eecc5840,0x00000000eed00000)
  from space 7168K, 13% used [0x00000000eed00000,0x00000000eedf7130,0x00000000ef400000)
  to   space 10240K, 0% used [0x00000000ef800000,0x00000000ef800000,0x00000000f0200000)
 ParOldGen       total 23552K, used 14667K [0x00000000c8e00000, 0x00000000ca500000, 0x00000000eda00000)
  object space 23552K, 62% used [0x00000000c8e00000,0x00000000c9c52ff0,0x00000000ca500000)
 Metaspace       used 7890K, capacity 8660K, committed 8960K, reserved 1056768K
  class space    used 883K, capacity 912K, committed 1024K, reserved 1048576K
Event: 2.243 GC heap after
Heap after GC invocations=12 (full 2):
 PSYoungGen      total 29696K, used 7985K [0x00000000eda00000, 0x00000000f0600000, 0x0000000100000000)
  eden space 19456K, 0% used [0x00000000eda00000,0x00000000eda00000,0x00000000eed00000)
  from space 10240K, 77% used [0x00000000ef800000,0x00000000effcc7e0,0x00000000f0200000)
  to   space 11264K, 0% used [0x00000000eed00000,0x00000000eed00000,0x00000000ef800000)
 ParOldGen       total 23552K, used 14791K [0x00000000c8e00000, 0x00000000ca500000, 0x00000000eda00000)
  object space 23552K, 62% used [0x00000000c8e00000,0x00000000c9c71f00,0x00000000ca500000)
 Metaspace       used 7890K, capacity 8660K, committed 8960K, reserved 1056768K
  class space    used 883K, capacity 912K, committed 1024K, reserved 1048576K
}
Event: 2.584 GC heap before
{Heap before GC invocations=13 (full 2):
 PSYoungGen      total 29696K, used 27441K [0x00000000eda00000, 0x00000000f0600000, 0x0000000100000000)
  eden space 19456K, 100% used [0x00000000eda00000,0x00000000eed00000,0x00000000eed00000)
  from space 10240K, 77% used [0x00000000ef800000,0x00000000effcc7e0,0x00000000f0200000)
  to   space 11264K, 0% used [0x00000000eed00000,0x00000000eed00000,0x00000000ef800000)
 ParOldGen       total 23552K, used 14791K [0x00000000c8e00000, 0x00000000ca500000, 0x00000000eda00000)
  object space 23552K, 62% used [0x00000000c8e00000,0x00000000c9c71f00,0x00000000ca500000)
 Metaspace       used 8091K, capacity 8852K, committed 9216K, reserved 1056768K
  class space    used 883K, capacity 912K, committed 1024K, reserved 1048576K
Event: 2.603 GC heap after
Heap after GC invocations=13 (full 2):
 PSYoungGen      total 30720K, used 11256K [0x00000000eda00000, 0x00000000f0600000, 0x0000000100000000)
  eden space 19456K, 0% used [0x00000000eda00000,0x00000000eda00000,0x00000000eed00000)
  from space 11264K, 99% used [0x00000000eed00000,0x00000000ef7fe170,0x00000000ef800000)
  to   space 10240K, 0% used [0x00000000ef800000,0x00000000ef800000,0x00000000f0200000)
 ParOldGen       total 23552K, used 17700K [0x00000000c8e00000, 0x00000000ca500000, 0x00000000eda00000)
  object space 23552K, 75% used [0x00000000c8e00000,0x00000000c9f49208,0x00000000ca500000)
 Metaspace       used 8091K, capacity 8852K, committed 9216K, reserved 1056768K
  class space    used 883K, capacity 912K, committed 1024K, reserved 1048576K
}

