# JRE version: OpenJDK Runtime Environment (8.0) (build 1.8.0-25-microsoft-b00)
# Java VM: OpenJDK 64-Bit Server VM (25.71-b00 mixed mode windows-amd64 compressed oops)
Heap:
 PSYoungGen      total 197120K, used 170496K [0x00000000d5580000, 0x00000000e4400000, 0x0000000100000000)
  eden space 170496K, 100% used [0x00000000d5580000,0x00000000dfc00000,0x00000000dfc00000)
  from space 26624K, 0% used [0x00000000dfe00000,0x00000000dfe00000,0x00000000e1800000)
  to   space 36864K, 0% used [0x00000000e2000000,0x00000000e2000000,0x00000000e4400000)
 ParOldGen       total 72704K, used 72312K [0x0000000080000000, 0x0000000084700000, 0x00000000d5580000)
  object space 72704K, 99% used [0x0000000080000000,0x000000008469e248,0x0000000084700000)
 Metaspace       used 6768K, capacity 7350K, committed 7552K, reserved 1056768K
  class space    used 611K, capacity 622K, committed 640K, reserved 1048576K
GC Heap History (10 events):
Event: 224.881 GC heap after
Heap after GC invocations=736 (full 725):
 PSYoungGen      total 197120K, used 170495K [0x00000000d5580000, 0x00000000e4400000, 0x0000000100000000)
  eden space 170496K, 99% used [0x00000000d5580000,0x00000000dfbfffe8,0x00000000dfc00000)
  from space 26624K, 0% used [0x00000000dfe00000,0x00000000dfe00000,0x00000000e1800000)
  to   space 36864K, 0% used [0x00000000e2000000,0x00000000e2000000,0x00000000e4400000)
 ParOldGen       total 72704K, used 72311K [0x0000000080000000, 0x0000000084700000, 0x00000000d5580000)
  object space 72704K, 99% used [0x0000000080000000,0x000000008469de10,0x0000000084700000)
 Metaspace       used 6768K, capacity 7350K, committed 7552K, reserved 1056768K
  class space    used 611K, capacity 622K, committed 640K, reserved 1048576K
}
Event: 224.881 GC heap before
{Heap before GC invocations=737 (full 726):
 PSYoungGen      total 197120K, used 170496K [0x00000000d5580000, 0x00000000e4400000, 0x0000000100000000)
  eden space 170496K, 100% used [0x00000000d5580000,0x00000000dfc00000,0x00000000dfc00000)
  from space 26624K, 0% used [0x00000000dfe00000,0x00000000dfe00000,0x00000000e1800000)
  to   space 36864K, 0% used [0x00000000e2000000,0x00000000e2000000,0x00000000e4400000)
 ParOldGen       total 72704K, used 72311K [0x0000000080000000, 0x0000000084700000, 0x00000000d5580000)
  object space 72704K, 99% used [0x0000000080000000,0x000000008469de10,0x0000000084700000)
 Metaspace       used 6768K, capacity 7350K, committed 7552K, reserved 1056768K
  class space    used 611K, capacity 622K, committed 640K, reserved 1048576K
Event: 225.164 GC heap after
Heap after GC invocations=737 (full 726):
 PSYoungGen      total 197120K, used 170496K [0x00000000d5580000, 0x00000000e4400000, 0x0000000100000000)
  eden space 170496K, 100% used [0x00000000d5580000,0x00000000dfc00000,0x00000000dfc00000)
  from space 26624K, 0% used [0x00000000dfe00000,0x00000000dfe00000,0x00000000e1800000)
  to   space 36864K, 0% used [0x00000000e2000000,0x00000000e2000000,0x00000000e4400000)
 ParOldGen       total 72704K, used 72311K [0x0000000080000000, 0x0000000084700000, 0x00000000d5580000)
  object space 72704K, 99% used [0x0000000080000000,0x000000008469de10,0x0000000084700000)
 Metaspace       used 6768K, capacity 7350K, committed 7552K, reserved 1056768K
  class space    used 611K, capacity 622K, committed 640K, reserved 1048576K
}
Event: 225.164 GC heap before
{Heap before GC invocations=738 (full 727):
 PSYoungGen      total 197120K, used 170496K [0x00000000d5580000, 0x00000000e4400000, 0x0000000100000000)
  eden space 170496K, 100% used [0x00000000d5580000,0x00000000dfc00000,0x00000000dfc00000)
  from space 26624K, 0% used [0x00000000dfe00000,0x00000000dfe00000,0x00000000e1800000)
  to   space 36864K, 0% used [0x00000000e2000000,0x00000000e2000000,0x00000000e4400000)
 ParOldGen       total 72704K, used 72313K [0x0000000080000000, 0x0000000084700000, 0x00000000d5580000)
  object space 72704K, 99% used [0x0000000080000000,0x000000008469e718,0x0000000084700000)
 Metaspace       used 6768K, capacity 7350K, committed 7552K, reserved 1056768K
  class space    used 611K, capacity 622K, committed 640K, reserved 1048576K
Event: 225.447 GC heap after
Heap after GC invocations=738 (full 727):
 PSYoungGen      total 197120K, used 170495K [0x00000000d5580000, 0x00000000e4400000, 0x0000000100000000)
  eden space 170496K, 99% used [0x00000000d5580000,0x00000000dfbfffe0,0x00000000dfc00000)
  from space 26624K, 0% used [0x00000000dfe00000,0x00000000dfe00000,0x00000000e1800000)
  to   space 36864K, 0% used [0x00000000e2000000,0x00000000e2000000,0x00000000e4400000)
 ParOldGen       total 72704K, used 72313K [0x0000000080000000, 0x0000000084700000, 0x00000000d5580000)
  object space 72704K, 99% used [0x0000000080000000,0x000000008469e618,0x0000000084700000)
 Metaspace       used 6768K, capacity 7350K, committed 7552K, reserved 1056768K
  class space    used 611K, capacity 622K, committed 640K, reserved 1048576K
}
Event: 225.447 GC heap before
{Heap before GC invocations=739 (full 728):
 PSYoungGen      total 197120K, used 170495K [0x00000000d5580000, 0x00000000e4400000, 0x0000000100000000)
  eden space 170496K, 99% used [0x00000000d5580000,0x00000000dfbffff8,0x00000000dfc00000)
  from space 26624K, 0% used [0x00000000dfe00000,0x00000000dfe00000,0x00000000e1800000)
  to   space 36864K, 0% used [0x00000000e2000000,0x00000000e2000000,0x00000000e4400000)
 ParOldGen       total 72704K, used 72316K [0x0000000080000000, 0x0000000084700000, 0x00000000d5580000)
  object space 72704K, 99% used [0x0000000080000000,0x000000008469f148,0x0000000084700000)
 Metaspace       used 6768K, capacity 7350K, committed 7552K, reserved 1056768K
  class space    used 611K, capacity 622K, committed 640K, reserved 1048576K
Event: 225.731 GC heap after
Heap after GC invocations=739 (full 728):
 PSYoungGen      total 197120K, used 170495K [0x00000000d5580000, 0x00000000e4400000, 0x0000000100000000)
  eden space 170496K, 99% used [0x00000000d5580000,0x00000000dfbffff8,0x00000000dfc00000)
  from space 26624K, 0% used [0x00000000dfe00000,0x00000000dfe00000,0x00000000e1800000)
  to   space 36864K, 0% used [0x00000000e2000000,0x00000000e2000000,0x00000000e4400000)
 ParOldGen       total 72704K, used 72315K [0x0000000080000000, 0x0000000084700000, 0x00000000d5580000)
  object space 72704K, 99% used [0x0000000080000000,0x000000008469ed10,0x0000000084700000)
 Metaspace       used 6768K, capacity 7350K, committed 7552K, reserved 1056768K
  class space    used 611K, capacity 622K, committed 640K, reserved 1048576K
}
Event: 225.731 GC heap before
{Heap before GC invocations=740 (full 729):
 PSYoungGen      total 197120K, used 170495K [0x00000000d5580000, 0x00000000e4400000, 0x0000000100000000)
  eden space 170496K, 99% used [0x00000000d5580000,0x00000000dfbffff8,0x00000000dfc00000)
  from space 26624K, 0% used [0x00000000dfe00000,0x00000000dfe00000,0x00000000e1800000)
  to   space 36864K, 0% used [0x00000000e2000000,0x00000000e2000000,0x00000000e4400000)
 ParOldGen       total 72704K, used 72318K [0x0000000080000000, 0x0000000084700000, 0x00000000d5580000)
  object space 72704K, 99% used [0x0000000080000000,0x000000008469f950,0x0000000084700000)
 Metaspace       used 6768K, capacity 7350K, committed 7552K, reserved 1056768K
  class space    used 611K, capacity 622K, committed 640K, reserved 1048576K
Event: 226.015 GC heap after
Heap after GC invocations=740 (full 729):
 PSYoungGen      total 197120K, used 170492K [0x00000000d5580000, 0x00000000e4400000, 0x0000000100000000)
  eden space 170496K, 99% used [0x00000000d5580000,0x00000000dfbff2c0,0x00000000dfc00000)
  from space 26624K, 0% used [0x00000000dfe00000,0x00000000dfe00000,0x00000000e1800000)
  to   space 36864K, 0% used [0x00000000e2000000,0x00000000e2000000,0x00000000e4400000)
 ParOldGen       total 72704K, used 72312K [0x0000000080000000, 0x0000000084700000, 0x00000000d5580000)
  object space 72704K, 99% used [0x0000000080000000,0x000000008469e248,0x0000000084700000)
 Metaspace       used 6768K, capacity 7350K, committed 7552K, reserved 1056768K
  class space    used 611K, capacity 622K, committed 640K, reserved 1048576K
}
Event: 226.015 GC heap before
{Heap before GC invocations=741 (full 730):
 PSYoungGen      total 197120K, used 170496K [0x00000000d5580000, 0x00000000e4400000, 0x0000000100000000)
  eden space 170496K, 100% used [0x00000000d5580000,0x00000000dfc00000,0x00000000dfc00000)
  from space 26624K, 0% used [0x00000000dfe00000,0x00000000dfe00000,0x00000000e1800000)
  to   space 36864K, 0% used [0x00000000e2000000,0x00000000e2000000,0x00000000e4400000)
 ParOldGen       total 72704K, used 72312K [0x0000000080000000, 0x0000000084700000, 0x00000000d5580000)
  object space 72704K, 99% used [0x0000000080000000,0x000000008469e248,0x0000000084700000)
 Metaspace       used 6768K, capacity 7350K, committed 7552K, reserved 1056768K
  class space    used 611K, capacity 622K, committed 640K, reserved 1048576K

