# JRE version: OpenJDK Runtime Environment (8.0) (build 1.8.0-25-microsoft-b00)
# Java VM: OpenJDK 64-Bit Server VM (25.71-b00 mixed mode windows-amd64 compressed oops)
Heap:
 PSYoungGen      total 14336K, used 4803K [0x00000000eda00000, 0x00000000efd00000, 0x0000000100000000)
  eden space 11776K, 40% used [0x00000000eda00000,0x00000000edeb0d68,0x00000000ee580000)
  from space 2560K, 0% used [0x00000000ee580000,0x00000000ee580000,0x00000000ee800000)
  to   space 6144K, 0% used [0x00000000ef700000,0x00000000ef700000,0x00000000efd00000)
 ParOldGen       total 15360K, used 9083K [0x00000000c8e00000, 0x00000000c9d00000, 0x00000000eda00000)
  object space 15360K, 59% used [0x00000000c8e00000,0x00000000c96dee10,0x00000000c9d00000)
 Metaspace       used 7350K, capacity 8244K, committed 8320K, reserved 1056768K
  class space    used 858K, capacity 880K, committed 896K, reserved 1048576K
GC Heap History (10 events):
Event: 0.572 GC heap before
{Heap before GC invocations=4 (full 0):
 PSYoungGen      total 3584K, used 3568K [0x00000000eda00000, 0x00000000ee100000, 0x0000000100000000)
  eden space 3072K, 100% used [0x00000000eda00000,0x00000000edd00000,0x00000000edd00000)
  from space 512K, 96% used [0x00000000edd00000,0x00000000edd7c020,0x00000000edd80000)
  to   space 512K, 0% used [0x00000000ee080000,0x00000000ee080000,0x00000000ee100000)
 ParOldGen       total 5632K, used 640K [0x00000000c8e00000, 0x00000000c9380000, 0x00000000eda00000)
  object space 5632K, 11% used [0x00000000c8e00000,0x00000000c8ea0020,0x00000000c9380000)
 Metaspace       used 5895K, capacity 7180K, committed 7552K, reserved 1056768K
  class space    used 721K, capacity 776K, committed 896K, reserved 1048576K
Event: 0.573 GC heap after
Heap after GC invocations=4 (full 0):
 PSYoungGen      total 6656K, used 500K [0x00000000eda00000, 0x00000000ee100000, 0x0000000100000000)
  eden space 6144K, 0% used [0x00000000eda00000,0x00000000eda00000,0x00000000ee000000)
  from space 512K, 97% used [0x00000000ee080000,0x00000000ee0fd290,0x00000000ee100000)
  to   space 512K, 0% used [0x00000000ee000000,0x00000000ee000000,0x00000000ee080000)
 ParOldGen       total 5632K, used 816K [0x00000000c8e00000, 0x00000000c9380000, 0x00000000eda00000)
  object space 5632K, 14% used [0x00000000c8e00000,0x00000000c8ecc040,0x00000000c9380000)
 Metaspace       used 5895K, capacity 7180K, committed 7552K, reserved 1056768K
  class space    used 721K, capacity 776K, committed 896K, reserved 1048576K
}
Event: 1.336 GC heap before
{Heap before GC invocations=5 (full 0):
 PSYoungGen      total 6656K, used 6634K [0x00000000eda00000, 0x00000000ee100000, 0x0000000100000000)
  eden space 6144K, 99% used [0x00000000eda00000,0x00000000edffd8d0,0x00000000ee000000)
  from space 512K, 97% used [0x00000000ee080000,0x00000000ee0fd290,0x00000000ee100000)
  to   space 512K, 0% used [0x00000000ee000000,0x00000000ee000000,0x00000000ee080000)
 ParOldGen       total 5632K, used 816K [0x00000000c8e00000, 0x00000000c9380000, 0x00000000eda00000)
  object space 5632K, 14% used [0x00000000c8e00000,0x00000000c8ecc040,0x00000000c9380000)
 Metaspace       used 7277K, capacity 8180K, committed 8320K, reserved 1056768K
  class space    used 858K, capacity 880K, committed 896K, reserved 1048576K
Event: 1.339 GC heap after
Heap after GC invocations=5 (full 0):
 PSYoungGen      total 6656K, used 480K [0x00000000eda00000, 0x00000000eea00000, 0x0000000100000000)
  eden space 6144K, 0% used [0x00000000eda00000,0x00000000eda00000,0x00000000ee000000)
  from space 512K, 93% used [0x00000000ee000000,0x00000000ee078010,0x00000000ee080000)
  to   space 2048K, 0% used [0x00000000ee800000,0x00000000ee800000,0x00000000eea00000)
 ParOldGen       total 5632K, used 2200K [0x00000000c8e00000, 0x00000000c9380000, 0x00000000eda00000)
  object space 5632K, 39% used [0x00000000c8e00000,0x00000000c9026108,0x00000000c9380000)
 Metaspace       used 7277K, capacity 8180K, committed 8320K, reserved 1056768K
  class space    used 858K, capacity 880K, committed 896K, reserved 1048576K
}
Event: 1.457 GC heap before
{Heap before GC invocations=6 (full 0):
 PSYoungGen      total 6656K, used 6624K [0x00000000eda00000, 0x00000000eea00000, 0x0000000100000000)
  eden space 6144K, 100% used [0x00000000eda00000,0x00000000ee000000,0x00000000ee000000)
  from space 512K, 93% used [0x00000000ee000000,0x00000000ee078010,0x00000000ee080000)
  to   space 2048K, 0% used [0x00000000ee800000,0x00000000ee800000,0x00000000eea00000)
 ParOldGen       total 5632K, used 2200K [0x00000000c8e00000, 0x00000000c9380000, 0x00000000eda00000)
  object space 5632K, 39% used [0x00000000c8e00000,0x00000000c9026108,0x00000000c9380000)
 Metaspace       used 7322K, capacity 8180K, committed 8320K, reserved 1056768K
  class space    used 858K, capacity 880K, committed 896K, reserved 1048576K
Event: 1.461 GC heap after
Heap after GC invocations=6 (full 0):
 PSYoungGen      total 13824K, used 2028K [0x00000000eda00000, 0x00000000eeb00000, 0x0000000100000000)
  eden space 11776K, 0% used [0x00000000eda00000,0x00000000eda00000,0x00000000ee580000)
  from space 2048K, 99% used [0x00000000ee800000,0x00000000ee9fb2d8,0x00000000eea00000)
  to   space 2560K, 0% used [0x00000000ee580000,0x00000000ee580000,0x00000000ee800000)
 ParOldGen       total 5632K, used 2480K [0x00000000c8e00000, 0x00000000c9380000, 0x00000000eda00000)
  object space 5632K, 44% used [0x00000000c8e00000,0x00000000c906c108,0x00000000c9380000)
 Metaspace       used 7322K, capacity 8180K, committed 8320K, reserved 1056768K
  class space    used 858K, capacity 880K, committed 896K, reserved 1048576K
}
Event: 1.536 GC heap before
{Heap before GC invocations=7 (full 0):
 PSYoungGen      total 13824K, used 11416K [0x00000000eda00000, 0x00000000eeb00000, 0x0000000100000000)
  eden space 11776K, 79% used [0x00000000eda00000,0x00000000ee32ad48,0x00000000ee580000)
  from space 2048K, 99% used [0x00000000ee800000,0x00000000ee9fb2d8,0x00000000eea00000)
  to   space 2560K, 0% used [0x00000000ee580000,0x00000000ee580000,0x00000000ee800000)
 ParOldGen       total 5632K, used 2480K [0x00000000c8e00000, 0x00000000c9380000, 0x00000000eda00000)
  object space 5632K, 44% used [0x00000000c8e00000,0x00000000c906c108,0x00000000c9380000)
 Metaspace       used 7325K, capacity 8180K, committed 8320K, reserved 1056768K
  class space    used 858K, capacity 880K, committed 896K, reserved 1048576K
Event: 1.543 GC heap after
Heap after GC invocations=7 (full 0):
 PSYoungGen      total 14336K, used 2529K [0x00000000eda00000, 0x00000000efd00000, 0x0000000100000000)
  eden space 11776K, 0% used [0x00000000eda00000,0x00000000eda00000,0x00000000ee580000)
  from space 2560K, 98% used [0x00000000ee580000,0x00000000ee7f86a8,0x00000000ee800000)
  to   space 6144K, 0% used [0x00000000ef700000,0x00000000ef700000,0x00000000efd00000)
 ParOldGen       total 9728K, used 8301K [0x00000000c8e00000, 0x00000000c9780000, 0x00000000eda00000)
  object space 9728K, 85% used [0x00000000c8e00000,0x00000000c961b610,0x00000000c9780000)
 Metaspace       used 7325K, capacity 8180K, committed 8320K, reserved 1056768K
  class space    used 858K, capacity 880K, committed 896K, reserved 1048576K
}
Event: 1.543 GC heap before
{Heap before GC invocations=8 (full 1):
 PSYoungGen      total 14336K, used 2529K [0x00000000eda00000, 0x00000000efd00000, 0x0000000100000000)
  eden space 11776K, 0% used [0x00000000eda00000,0x00000000eda00000,0x00000000ee580000)
  from space 2560K, 98% used [0x00000000ee580000,0x00000000ee7f86a8,0x00000000ee800000)
  to   space 6144K, 0% used [0x00000000ef700000,0x00000000ef700000,0x00000000efd00000)
 ParOldGen       total 9728K, used 8301K [0x00000000c8e00000, 0x00000000c9780000, 0x00000000eda00000)
  object space 9728K, 85% used [0x00000000c8e00000,0x00000000c961b610,0x00000000c9780000)
 Metaspace       used 7325K, capacity 8180K, committed 8320K, reserved 1056768K
  class space    used 858K, capacity 880K, committed 896K, reserved 1048576K
Event: 1.565 GC heap after
Heap after GC invocations=8 (full 1):
 PSYoungGen      total 14336K, used 0K [0x00000000eda00000, 0x00000000efd00000, 0x0000000100000000)
  eden space 11776K, 0% used [0x00000000eda00000,0x00000000eda00000,0x00000000ee580000)
  from space 2560K, 0% used [0x00000000ee580000,0x00000000ee580000,0x00000000ee800000)
  to   space 6144K, 0% used [0x00000000ef700000,0x00000000ef700000,0x00000000efd00000)
 ParOldGen       total 15360K, used 9083K [0x00000000c8e00000, 0x00000000c9d00000, 0x00000000eda00000)
  object space 15360K, 59% used [0x00000000c8e00000,0x00000000c96dee10,0x00000000c9d00000)
 Metaspace       used 7325K, capacity 8180K, committed 8320K, reserved 1056768K
  class space    used 858K, capacity 880K, committed 896K, reserved 1048576K
}

